Looking for git in: git
Using git 2.25.1 from git
Opening repository for path='/home/garcy17/Camino-/test' failed; ex=Failed to execute git {
  "exitCode": 128,
  "gitErrorCode": "NotAGitRepository",
  "gitCommand": "rev-parse",
  "stdout": "",
  "stderr": "fatal: not a git repository (or any of the parent directories): .git\n"
}
Opening repository for path='/home/garcy17/Camino-/test/.gitignore' failed; ex=Error: spawn ENOTDIR
Opening repository for path='/home/garcy17/Camino-/test/README.md' failed; ex=Error: spawn ENOTDIR
Opening repository for path='/home/garcy17/Camino-/test/node_modules' failed; ex=Failed to execute git {
  "exitCode": 128,
  "gitErrorCode": "NotAGitRepository",
  "gitCommand": "rev-parse",
  "stdout": "",
  "stderr": "fatal: not a git repository (or any of the parent directories): .git\n"
}
Opening repository for path='/home/garcy17/Camino-/test/package-lock.json' failed; ex=Error: spawn ENOTDIR
Opening repository for path='/home/garcy17/Camino-/test/package.json' failed; ex=Error: spawn ENOTDIR
Opening repository for path='/home/garcy17/Camino-/test/public' failed; ex=Failed to execute git {
  "exitCode": 128,
  "gitErrorCode": "NotAGitRepository",
  "gitCommand": "rev-parse",
  "stdout": "",
  "stderr": "fatal: not a git repository (or any of the parent directories): .git\n"
}
Opening repository for path='/home/garcy17/Camino-/test/src' failed; ex=Failed to execute git {
  "exitCode": 128,
  "gitErrorCode": "NotAGitRepository",
  "gitCommand": "rev-parse",
  "stdout": "",
  "stderr": "fatal: not a git repository (or any of the parent directories): .git\n"
}
Opening repository for path='/home/garcy17/Camino-/test/src' failed; ex=Failed to execute git {
  "exitCode": 128,
  "gitErrorCode": "NotAGitRepository",
  "gitCommand": "rev-parse",
  "stdout": "",
  "stderr": "fatal: not a git repository (or any of the parent directories): .git\n"
}
Opening repository for path='/home/garcy17/Camino-/test/' failed; ex=spawn git ENOENT {
  "gitErrorCode": "NotAGitRepository"
}Error: spawn git ENOENT
	at Process.ChildProcess._handle.onexit (internal/child_process.js:269:19)
	at onErrorNT (internal/child_process.js:465:16)
	at processTicksAndRejections (internal/process/task_queues.js:80:21)
