[2021-07-03 15:38:02.607] [exthost] [info] extension host started
[2021-07-03 15:38:02.824] [exthost] [info] ExtensionService#_doActivateExtension vscode.debug-auto-launch {"startup":true,"extensionId":{"value":"vscode.debug-auto-launch","_lower":"vscode.debug-auto-launch"},"activationEvent":"*"}
[2021-07-03 15:38:02.824] [exthost] [info] ExtensionService#loadCommonJSModule file:///home/garcy17/.vscode-server/bin/507ce72a4466fbb27b715c3722558bb15afa9f48/extensions/debug-auto-launch/dist/extension
[2021-07-03 15:38:02.831] [exthost] [info] ExtensionService#_doActivateExtension vscode.git {"startup":true,"extensionId":{"value":"vscode.github","_lower":"vscode.github"},"activationEvent":"*"}
[2021-07-03 15:38:02.831] [exthost] [info] ExtensionService#loadCommonJSModule file:///home/garcy17/.vscode-server/bin/507ce72a4466fbb27b715c3722558bb15afa9f48/extensions/git/dist/main
[2021-07-03 15:38:03.569] [exthost] [info] ExtensionService#_doActivateExtension ms-vscode.js-debug {"startup":false,"extensionId":{"value":"ms-vscode.js-debug","_lower":"ms-vscode.js-debug"},"activationEvent":"onCommand:extension.js-debug.clearAutoAttachVariables"}
[2021-07-03 15:38:03.569] [exthost] [info] ExtensionService#loadCommonJSModule file:///home/garcy17/.vscode-server/bin/507ce72a4466fbb27b715c3722558bb15afa9f48/extensions/ms-vscode.js-debug/src/extension.js
[2021-07-03 15:38:03.806] [exthost] [info] ExtensionService#_doActivateExtension vscode.github {"startup":true,"extensionId":{"value":"vscode.github","_lower":"vscode.github"},"activationEvent":"*"}
[2021-07-03 15:38:03.806] [exthost] [info] ExtensionService#loadCommonJSModule file:///home/garcy17/.vscode-server/bin/507ce72a4466fbb27b715c3722558bb15afa9f48/extensions/github/dist/extension.js
[2021-07-03 15:38:03.838] [exthost] [info] ExtensionService#_doActivateExtension vscode.emmet {"startup":false,"extensionId":{"value":"vscode.emmet","_lower":"vscode.emmet"},"activationEvent":"onStartupFinished"}
[2021-07-03 15:38:03.839] [exthost] [info] ExtensionService#loadCommonJSModule file:///home/garcy17/.vscode-server/bin/507ce72a4466fbb27b715c3722558bb15afa9f48/extensions/emmet/dist/node/emmetNodeMain
[2021-07-03 15:38:03.849] [exthost] [info] ExtensionService#_doActivateExtension vscode.merge-conflict {"startup":false,"extensionId":{"value":"vscode.merge-conflict","_lower":"vscode.merge-conflict"},"activationEvent":"onStartupFinished"}
[2021-07-03 15:38:03.849] [exthost] [info] ExtensionService#loadCommonJSModule file:///home/garcy17/.vscode-server/bin/507ce72a4466fbb27b715c3722558bb15afa9f48/extensions/merge-conflict/dist/mergeConflictMain
[2021-07-03 15:38:03.852] [exthost] [info] ExtensionService#_doActivateExtension vscode.testing-editor-contributions {"startup":false,"extensionId":{"value":"vscode.testing-editor-contributions","_lower":"vscode.testing-editor-contributions"},"activationEvent":"onStartupFinished"}
[2021-07-03 15:38:03.852] [exthost] [info] ExtensionService#loadCommonJSModule file:///home/garcy17/.vscode-server/bin/507ce72a4466fbb27b715c3722558bb15afa9f48/extensions/testing-editor-contributions/dist/extension.js
[2021-07-03 15:38:03.852] [exthost] [info] eager extensions activated
[2021-07-03 15:38:45.756] [exthost] [info] ExtensionService#_doActivateExtension naumovs.color-highlight {"startup":false,"extensionId":{"value":"naumovs.color-highlight","_lower":"naumovs.color-highlight"},"activationEvent":"*"}
[2021-07-03 15:38:45.756] [exthost] [info] ExtensionService#loadCommonJSModule file:///home/garcy17/.vscode-server/extensions/naumovs.color-highlight-2.3.0/dist/extension
[2021-07-03 15:38:52.654] [exthost] [info] ExtensionService#_doActivateExtension vscode.typescript-language-features {"startup":false,"extensionId":{"value":"vscode.typescript-language-features","_lower":"vscode.typescript-language-features"},"activationEvent":"onLanguage:javascript"}
[2021-07-03 15:38:52.654] [exthost] [info] ExtensionService#loadCommonJSModule file:///home/garcy17/.vscode-server/bin/507ce72a4466fbb27b715c3722558bb15afa9f48/extensions/typescript-language-features/dist/extension
[2021-07-03 15:38:54.905] [exthost] [info] ExtensionService#_doActivateExtension christian-kohler.path-intellisense {"startup":false,"extensionId":{"value":"christian-kohler.path-intellisense","_lower":"christian-kohler.path-intellisense"},"activationEvent":"*"}
[2021-07-03 15:38:54.905] [exthost] [info] ExtensionService#loadCommonJSModule file:///home/garcy17/.vscode-server/extensions/christian-kohler.path-intellisense-2.3.0/out/extension.js
[2021-07-03 15:38:55.080] [exthost] [info] ExtensionService#_doActivateExtension ritwickdey.LiveServer {"startup":false,"extensionId":{"value":"ritwickdey.LiveServer","_lower":"ritwickdey.liveserver"},"activationEvent":"*"}
[2021-07-03 15:38:55.080] [exthost] [info] ExtensionService#loadCommonJSModule file:///home/garcy17/.vscode-server/extensions/ritwickdey.liveserver-5.6.1/out/src/extension
[2021-07-03 15:38:56.795] [exthost] [info] ExtensionService#_doActivateExtension vscode.configuration-editing {"startup":false,"extensionId":{"value":"vscode.configuration-editing","_lower":"vscode.configuration-editing"},"activationEvent":"onLanguage:json"}
[2021-07-03 15:38:56.795] [exthost] [info] ExtensionService#loadCommonJSModule file:///home/garcy17/.vscode-server/bin/507ce72a4466fbb27b715c3722558bb15afa9f48/extensions/configuration-editing/dist/configurationEditingMain
[2021-07-03 15:38:56.798] [exthost] [info] ExtensionService#_doActivateExtension vscode.extension-editing {"startup":false,"extensionId":{"value":"vscode.extension-editing","_lower":"vscode.extension-editing"},"activationEvent":"onLanguage:json"}
[2021-07-03 15:38:56.798] [exthost] [info] ExtensionService#loadCommonJSModule file:///home/garcy17/.vscode-server/bin/507ce72a4466fbb27b715c3722558bb15afa9f48/extensions/extension-editing/dist/extensionEditingMain
[2021-07-03 15:38:56.809] [exthost] [info] ExtensionService#_doActivateExtension vscode.json-language-features {"startup":false,"extensionId":{"value":"vscode.json-language-features","_lower":"vscode.json-language-features"},"activationEvent":"onLanguage:json"}
[2021-07-03 15:38:56.809] [exthost] [info] ExtensionService#loadCommonJSModule file:///home/garcy17/.vscode-server/bin/507ce72a4466fbb27b715c3722558bb15afa9f48/extensions/json-language-features/client/dist/node/jsonClientMain
[2021-07-03 15:38:56.878] [exthost] [info] ExtensionService#_doActivateExtension vscode.npm {"startup":false,"extensionId":{"value":"vscode.npm","_lower":"vscode.npm"},"activationEvent":"onLanguage:json"}
[2021-07-03 15:38:56.879] [exthost] [info] ExtensionService#loadCommonJSModule file:///home/garcy17/.vscode-server/bin/507ce72a4466fbb27b715c3722558bb15afa9f48/extensions/npm/dist/npmMain
[2021-07-03 15:39:01.884] [exthost] [info] ExtensionService#_doActivateExtension esbenp.prettier-vscode {"startup":false,"extensionId":{"value":"esbenp.prettier-vscode","_lower":"esbenp.prettier-vscode"},"activationEvent":"onStartupFinished"}
[2021-07-03 15:39:01.884] [exthost] [info] ExtensionService#loadCommonJSModule file:///home/garcy17/.vscode-server/extensions/esbenp.prettier-vscode-8.0.1/dist/extension
[2021-07-04 07:11:55.731] [exthost] [info] ExtensionService#_doActivateExtension vscode.html-language-features {"startup":false,"extensionId":{"value":"vscode.html-language-features","_lower":"vscode.html-language-features"},"activationEvent":"onLanguage:html"}
[2021-07-04 07:11:55.731] [exthost] [info] ExtensionService#loadCommonJSModule file:///home/garcy17/.vscode-server/bin/507ce72a4466fbb27b715c3722558bb15afa9f48/extensions/html-language-features/client/dist/node/htmlClientMain
[2021-07-04 13:20:34.292] [exthost] [info] extension host terminating: received terminate message from renderer
[2021-07-04 13:20:35.345] [exthost] [info] exiting with code 0
