Looking for git in: git
Using git 2.25.1 from git
Opening repository for path='/home/garcy17' failed; ex=Failed to execute git {
  "exitCode": 128,
  "gitErrorCode": "NotAGitRepository",
  "gitCommand": "rev-parse",
  "stdout": "",
  "stderr": "fatal: not a git repository (or any of the parent directories): .git\n"
}
Opening repository for path='/home/garcy17/.bash_history' failed; ex=Error: spawn ENOTDIR
Opening repository for path='/home/garcy17/.bash_logout' failed; ex=Error: spawn ENOTDIR
Opening repository for path='/home/garcy17/.bashrc' failed; ex=Error: spawn ENOTDIR
Opening repository for path='/home/garcy17/.landscape' failed; ex=Failed to execute git {
  "exitCode": 128,
  "gitErrorCode": "NotAGitRepository",
  "gitCommand": "rev-parse",
  "stdout": "",
  "stderr": "fatal: not a git repository (or any of the parent directories): .git\n"
}
Opening repository for path='/home/garcy17/.motd_shown' failed; ex=Error: spawn ENOTDIR
Opening repository for path='/home/garcy17/.profile' failed; ex=Error: spawn ENOTDIR
Opening repository for path='/home/garcy17/.vscode-server' failed; ex=Failed to execute git {
  "exitCode": 128,
  "gitErrorCode": "NotAGitRepository",
  "gitCommand": "rev-parse",
  "stdout": "",
  "stderr": "fatal: not a git repository (or any of the parent directories): .git\n"
}
Opening repository for path='/home/garcy17/.wget-hsts' failed; ex=Error: spawn ENOTDIR
Opening repository for path='/home/garcy17/Camino-' failed; ex=Failed to execute git {
  "exitCode": 128,
  "gitErrorCode": "NotAGitRepository",
  "gitCommand": "rev-parse",
  "stdout": "",
  "stderr": "fatal: not a git repository (or any of the parent directories): .git\n"
}
Opening repository for path='/home/garcy17/Ninja' failed; ex=Error: spawn ENOTDIR
Opening repository for path='/home/garcy17' failed; ex=Failed to execute git {
  "exitCode": 128,
  "gitErrorCode": "NotAGitRepository",
  "gitCommand": "rev-parse",
  "stdout": "",
  "stderr": "fatal: not a git repository (or any of the parent directories): .git\n"
}
