[2021-07-07 11:59:02.290] [exthost] [info] extension host started
[2021-07-07 11:59:02.818] [exthost] [info] ExtensionService#_doActivateExtension vscode.typescript-language-features {"startup":false,"extensionId":{"value":"vscode.typescript-language-features","_lower":"vscode.typescript-language-features"},"activationEvent":"onLanguage:javascript"}
[2021-07-07 11:59:02.818] [exthost] [info] ExtensionService#loadCommonJSModule file:///home/garcy17/.vscode-server/bin/507ce72a4466fbb27b715c3722558bb15afa9f48/extensions/typescript-language-features/dist/extension
[2021-07-07 11:59:02.892] [exthost] [info] ExtensionService#_doActivateExtension vscode.debug-auto-launch {"startup":true,"extensionId":{"value":"vscode.debug-auto-launch","_lower":"vscode.debug-auto-launch"},"activationEvent":"*"}
[2021-07-07 11:59:02.892] [exthost] [info] ExtensionService#loadCommonJSModule file:///home/garcy17/.vscode-server/bin/507ce72a4466fbb27b715c3722558bb15afa9f48/extensions/debug-auto-launch/dist/extension
[2021-07-07 11:59:02.897] [exthost] [info] ExtensionService#_doActivateExtension vscode.git {"startup":true,"extensionId":{"value":"vscode.github","_lower":"vscode.github"},"activationEvent":"*"}
[2021-07-07 11:59:02.897] [exthost] [info] ExtensionService#loadCommonJSModule file:///home/garcy17/.vscode-server/bin/507ce72a4466fbb27b715c3722558bb15afa9f48/extensions/git/dist/main
[2021-07-07 11:59:03.025] [exthost] [info] ExtensionService#_doActivateExtension christian-kohler.path-intellisense {"startup":true,"extensionId":{"value":"christian-kohler.path-intellisense","_lower":"christian-kohler.path-intellisense"},"activationEvent":"*"}
[2021-07-07 11:59:03.025] [exthost] [info] ExtensionService#loadCommonJSModule file:///home/garcy17/.vscode-server/extensions/christian-kohler.path-intellisense-2.3.0/out/extension.js
[2021-07-07 11:59:03.058] [exthost] [info] ExtensionService#_doActivateExtension naumovs.color-highlight {"startup":true,"extensionId":{"value":"naumovs.color-highlight","_lower":"naumovs.color-highlight"},"activationEvent":"*"}
[2021-07-07 11:59:03.058] [exthost] [info] ExtensionService#loadCommonJSModule file:///home/garcy17/.vscode-server/extensions/naumovs.color-highlight-2.3.0/dist/extension
[2021-07-07 11:59:03.100] [exthost] [info] ExtensionService#_doActivateExtension ritwickdey.LiveServer {"startup":true,"extensionId":{"value":"ritwickdey.LiveServer","_lower":"ritwickdey.liveserver"},"activationEvent":"*"}
[2021-07-07 11:59:03.100] [exthost] [info] ExtensionService#loadCommonJSModule file:///home/garcy17/.vscode-server/extensions/ritwickdey.liveserver-5.6.1/out/src/extension
[2021-07-07 11:59:03.460] [exthost] [info] ExtensionService#_doActivateExtension vscode.npm {"startup":true,"extensionId":{"value":"vscode.npm","_lower":"vscode.npm"},"activationEvent":"workspaceContains:package.json"}
[2021-07-07 11:59:03.460] [exthost] [info] ExtensionService#loadCommonJSModule file:///home/garcy17/.vscode-server/bin/507ce72a4466fbb27b715c3722558bb15afa9f48/extensions/npm/dist/npmMain
[2021-07-07 11:59:04.680] [exthost] [info] ExtensionService#_doActivateExtension vscode.github {"startup":true,"extensionId":{"value":"vscode.github","_lower":"vscode.github"},"activationEvent":"*"}
[2021-07-07 11:59:04.680] [exthost] [info] ExtensionService#loadCommonJSModule file:///home/garcy17/.vscode-server/bin/507ce72a4466fbb27b715c3722558bb15afa9f48/extensions/github/dist/extension.js
[2021-07-07 11:59:05.005] [exthost] [info] ExtensionService#_doActivateExtension ms-vscode.js-debug {"startup":false,"extensionId":{"value":"ms-vscode.js-debug","_lower":"ms-vscode.js-debug"},"activationEvent":"onCommand:extension.js-debug.clearAutoAttachVariables"}
[2021-07-07 11:59:05.005] [exthost] [info] ExtensionService#loadCommonJSModule file:///home/garcy17/.vscode-server/bin/507ce72a4466fbb27b715c3722558bb15afa9f48/extensions/ms-vscode.js-debug/src/extension.js
[2021-07-07 11:59:05.506] [exthost] [info] ExtensionService#_doActivateExtension vscode.emmet {"startup":false,"extensionId":{"value":"vscode.emmet","_lower":"vscode.emmet"},"activationEvent":"onStartupFinished"}
[2021-07-07 11:59:05.506] [exthost] [info] ExtensionService#loadCommonJSModule file:///home/garcy17/.vscode-server/bin/507ce72a4466fbb27b715c3722558bb15afa9f48/extensions/emmet/dist/node/emmetNodeMain
[2021-07-07 11:59:05.525] [exthost] [info] ExtensionService#_doActivateExtension vscode.merge-conflict {"startup":false,"extensionId":{"value":"vscode.merge-conflict","_lower":"vscode.merge-conflict"},"activationEvent":"onStartupFinished"}
[2021-07-07 11:59:05.526] [exthost] [info] ExtensionService#loadCommonJSModule file:///home/garcy17/.vscode-server/bin/507ce72a4466fbb27b715c3722558bb15afa9f48/extensions/merge-conflict/dist/mergeConflictMain
[2021-07-07 11:59:05.530] [exthost] [info] ExtensionService#_doActivateExtension vscode.testing-editor-contributions {"startup":false,"extensionId":{"value":"vscode.testing-editor-contributions","_lower":"vscode.testing-editor-contributions"},"activationEvent":"onStartupFinished"}
[2021-07-07 11:59:05.530] [exthost] [info] ExtensionService#loadCommonJSModule file:///home/garcy17/.vscode-server/bin/507ce72a4466fbb27b715c3722558bb15afa9f48/extensions/testing-editor-contributions/dist/extension.js
[2021-07-07 11:59:05.532] [exthost] [info] ExtensionService#_doActivateExtension esbenp.prettier-vscode {"startup":false,"extensionId":{"value":"esbenp.prettier-vscode","_lower":"esbenp.prettier-vscode"},"activationEvent":"onStartupFinished"}
[2021-07-07 11:59:05.532] [exthost] [info] ExtensionService#loadCommonJSModule file:///home/garcy17/.vscode-server/extensions/esbenp.prettier-vscode-8.0.1/dist/extension
[2021-07-07 11:59:05.680] [exthost] [info] eager extensions activated
[2021-07-07 12:20:44.311] [exthost] [info] extension host terminating: received terminate message from renderer
[2021-07-07 12:20:45.361] [exthost] [info] exiting with code 0
